2026-03-22 14:35:48, MOVE, v:1, k:ed@fuga, mode:PICK
2026-03-22 14:44:01, MOVE, v:1, k:ed@fuga, mode:BACK
2026-03-22 14:44:06, MOVE, v:1, k:ed@pedra, mode:PICK
2026-03-22 14:44:28, MOVE, v:1, k:ed@pedra, mode:BACK
2026-03-22 15:13:44, MOVE, v:1, k:ed@casais, mode:PICK
2026-03-22 15:13:46, EXEC, v:1, k:ed@casais, mode:FREE, size:22
2026-03-22 15:14:48, MOVE, v:1, k:ed@casais, mode:BACK
2026-03-22 15:14:53, MOVE, v:1, k:ed@casais, mode:PICK
2026-03-22 15:14:54, EXEC, v:1, k:ed@casais, mode:FULL, rate:100
2026-03-22 15:53:55, MOVE, v:1, k:ed@casais, mode:BACK
2026-03-22 16:11:37, MOVE, v:1, k:ed@gomos, mode:PICK
2026-03-22 16:11:43, EXEC, v:1, k:ed@gomos, mode:FREE, size:29
2026-03-22 16:43:39, EXEC, v:1, k:ed@gomos, mode:FULL, size:36, fail:COMP
2026-03-22 16:44:10, EXEC, v:1, k:ed@gomos, mode:FULL, size:36, fail:COMP
2026-03-22 16:51:58, EXEC, v:1, k:ed@gomos, mode:FULL, rate:100, size:36
2026-03-22 16:53:27, SELF, v:1, k:ed@gomos, self:1, rate:100, study:50, concept:1
2026-03-22 16:53:42, MOVE, v:1, k:ed@gomos, mode:BACK
2026-03-22 18:55:27, MOVE, v:1, k:ed@baruel, mode:DOWN
2026-03-22 18:55:38, MOVE, v:1, k:ed@baruel, mode:PICK
2026-03-22 21:11:06, EXEC, v:1, k:ed@baruel, mode:FULL, size:58, fail:COMP
2026-03-22 21:11:24, EXEC, v:1, k:ed@baruel, mode:FULL, rate:0, size:58
2026-03-22 21:11:52, EXEC, v:1, k:ed@baruel, mode:FULL, rate:0, size:59
2026-03-22 21:12:14, EXEC, v:1, k:ed@baruel, mode:FULL, rate:100, size:59
2026-03-22 21:35:02, SELF, v:1, k:ed@baruel, self:1, rate:100, study:100, concept:1
2026-03-22 21:35:04, MOVE, v:1, k:ed@baruel, mode:BACK
