2026-03-16 14:18:30, MOVE, v:1, k:ed@pedra, mode:DOWN
2026-03-16 14:18:38, MOVE, v:1, k:ed@pedra, mode:PICK
2026-03-16 16:11:37, EXEC, v:1, k:ed@pedra, mode:FULL, size:51, fail:COMP
2026-03-16 16:11:58, EXEC, v:1, k:ed@pedra, mode:FULL, size:51, fail:COMP
2026-03-16 16:13:43, EXEC, v:1, k:ed@pedra, mode:FULL, size:51, fail:COMP
2026-03-16 16:14:29, EXEC, v:1, k:ed@pedra, mode:FULL, fail:COMP
2026-03-16 16:15:39, EXEC, v:1, k:ed@pedra, mode:FULL, fail:COMP
2026-03-16 16:16:44, EXEC, v:1, k:ed@pedra, mode:FULL, rate:25, size:51
2026-03-16 16:17:59, EXEC, v:1, k:ed@pedra, mode:FULL, rate:100, size:51
2026-03-16 16:18:33, MOVE, v:1, k:ed@pedra, mode:BACK
2026-03-16 16:20:23, SELF, v:1, k:ed@pedra, self:1, rate:100, study:40, concept:1, debug:1
2026-03-16 16:54:02, MOVE, v:1, k:ed@pedra, mode:PICK
2026-03-16 16:54:03, EXEC, v:1, k:ed@pedra, mode:FULL, rate:100
2026-03-16 18:54:44, EXEC, v:1, k:ed@pedra, mode:FULL, rate:100
2026-03-16 18:54:54, MOVE, v:1, k:ed@pedra, mode:BACK
2026-03-16 18:55:01, MOVE, v:1, k:ed@fuga, mode:PICK
2026-03-16 18:55:02, EXEC, v:1, k:ed@fuga, mode:FULL, size:30, fail:COMP
2026-03-16 18:55:20, EXEC, v:1, k:ed@fuga, mode:FULL, size:30, fail:COMP
2026-03-16 18:57:20, EXEC, v:1, k:ed@fuga, mode:FULL, size:23, fail:COMP
2026-03-16 18:58:29, EXEC, v:1, k:ed@fuga, mode:FULL, rate:100, size:23
2026-03-16 18:58:56, MOVE, v:1, k:ed@fuga, mode:BACK
2026-03-16 18:59:56, SELF, v:1, k:ed@fuga, self:1, rate:100, study:60, concept:1
